<?xml version="1.0" encoding="UTF-8"?>
<testng-results skipped="0" failed="0" total="3" passed="3">
  <reporter-output>
  </reporter-output>
  <suite name="Suite" duration-ms="39551" started-at="2016-06-25T10:05:27Z" finished-at="2016-06-25T10:06:07Z">
    <groups>
    </groups>
    <test name="Test" duration-ms="39551" started-at="2016-06-25T10:05:27Z" finished-at="2016-06-25T10:06:07Z">
      <class name="org.wsc.pageobject.TestPara">
        <test-method status="PASS" signature="beforeTest()[pri:0, instance:org.wsc.pageobject.TestPara@5f150435]" name="beforeTest" is-config="true" duration-ms="5" started-at="2016-06-25T18:05:27Z" finished-at="2016-06-25T18:05:27Z">
          <reporter-output>
          </reporter-output>
        </test-method> <!-- beforeTest -->
        <test-method status="PASS" signature="beforeClass()[pri:0, instance:org.wsc.pageobject.TestPara@5f150435]" name="beforeClass" is-config="true" duration-ms="0" started-at="2016-06-25T18:05:27Z" finished-at="2016-06-25T18:05:27Z">
          <reporter-output>
          </reporter-output>
        </test-method> <!-- beforeClass -->
        <test-method status="PASS" signature="TestFF()[pri:0, instance:org.wsc.pageobject.TestPara@5f150435]" name="TestFF" duration-ms="23572" started-at="2016-06-25T18:05:27Z" finished-at="2016-06-25T18:05:51Z">
          <reporter-output>
          </reporter-output>
        </test-method> <!-- TestFF -->
        <test-method status="PASS" signature="beforeMethod()[pri:0, instance:org.wsc.pageobject.TestPara@5f150435]" name="beforeMethod" is-config="true" duration-ms="0" started-at="2016-06-25T18:05:27Z" finished-at="2016-06-25T18:05:27Z">
          <reporter-output>
          </reporter-output>
        </test-method> <!-- beforeMethod -->
        <test-method status="PASS" signature="TestChrome()[pri:0, instance:org.wsc.pageobject.TestPara@5f150435]" name="TestChrome" duration-ms="15445" started-at="2016-06-25T18:05:27Z" finished-at="2016-06-25T18:05:43Z">
          <reporter-output>
          </reporter-output>
        </test-method> <!-- TestChrome -->
        <test-method status="PASS" signature="beforeMethod()[pri:0, instance:org.wsc.pageobject.TestPara@5f150435]" name="beforeMethod" is-config="true" duration-ms="0" started-at="2016-06-25T18:05:27Z" finished-at="2016-06-25T18:05:27Z">
          <reporter-output>
          </reporter-output>
        </test-method> <!-- beforeMethod -->
        <test-method status="PASS" signature="afterMethod()[pri:0, instance:org.wsc.pageobject.TestPara@5f150435]" name="afterMethod" is-config="true" duration-ms="0" started-at="2016-06-25T18:05:43Z" finished-at="2016-06-25T18:05:43Z">
          <reporter-output>
          </reporter-output>
        </test-method> <!-- afterMethod -->
        <test-method status="PASS" signature="beforeMethod()[pri:0, instance:org.wsc.pageobject.TestPara@5f150435]" name="beforeMethod" is-config="true" duration-ms="0" started-at="2016-06-25T18:05:43Z" finished-at="2016-06-25T18:05:43Z">
          <reporter-output>
          </reporter-output>
        </test-method> <!-- beforeMethod -->
        <test-method status="PASS" signature="TestIE()[pri:0, instance:org.wsc.pageobject.TestPara@5f150435]" name="TestIE" duration-ms="24086" started-at="2016-06-25T18:05:43Z" finished-at="2016-06-25T18:06:07Z">
          <reporter-output>
          </reporter-output>
        </test-method> <!-- TestIE -->
        <test-method status="PASS" signature="afterMethod()[pri:0, instance:org.wsc.pageobject.TestPara@5f150435]" name="afterMethod" is-config="true" duration-ms="0" started-at="2016-06-25T18:05:51Z" finished-at="2016-06-25T18:05:51Z">
          <reporter-output>
          </reporter-output>
        </test-method> <!-- afterMethod -->
        <test-method status="PASS" signature="afterMethod()[pri:0, instance:org.wsc.pageobject.TestPara@5f150435]" name="afterMethod" is-config="true" duration-ms="1" started-at="2016-06-25T18:06:07Z" finished-at="2016-06-25T18:06:07Z">
          <reporter-output>
          </reporter-output>
        </test-method> <!-- afterMethod -->
        <test-method status="PASS" signature="afterTest()[pri:0, instance:org.wsc.pageobject.TestPara@5f150435]" name="afterTest" is-config="true" duration-ms="0" started-at="2016-06-25T18:06:07Z" finished-at="2016-06-25T18:06:07Z">
          <reporter-output>
          </reporter-output>
        </test-method> <!-- afterTest -->
        <test-method status="PASS" signature="afterClass()[pri:0, instance:org.wsc.pageobject.TestPara@5f150435]" name="afterClass" is-config="true" duration-ms="0" started-at="2016-06-25T18:06:07Z" finished-at="2016-06-25T18:06:07Z">
          <reporter-output>
          </reporter-output>
        </test-method> <!-- afterClass -->
      </class> <!-- org.wsc.pageobject.TestPara -->
    </test> <!-- Test -->
  </suite> <!-- Suite -->
</testng-results>
